<?xml version="1.0" encoding="UTF-8"?>
<robot generator="Robot 7.2.2 (Python 3.12.8 on darwin)" generated="2025-06-02T12:05:28.472164" rpa="false" schemaversion="5">
<suite id="s1" name="3.CssSelectWithOthersAndMultipleAttributes" source="/Users/SthernSmith/Downloads/mes_projets_github/xpath_and_css_locators/Test_Cases/Css/3.CssSelectWithOthersAndMultipleAttributes.robot">
<test id="s1-t1" name="TC to demonstrate Weblocators in Robot FW" line="18">
<kw name="Open Browser" owner="SeleniumLibrary">
<msg time="2025-06-02T12:05:28.998075" level="INFO">Opening browser 'Chrome' to base url 'https://www.amazon.fr/'.</msg>
<arg>${url}</arg>
<arg>${browser}</arg>
<doc>Opens a new browser instance to the optional ``url``.</doc>
<status status="PASS" start="2025-06-02T12:05:28.997100" elapsed="4.730999"/>
</kw>
<kw name="Maximize Browser Window" owner="SeleniumLibrary">
<doc>Maximizes current browser window.</doc>
<status status="PASS" start="2025-06-02T12:05:33.729417" elapsed="0.612957"/>
</kw>
<kw name="Sleep" owner="BuiltIn">
<msg time="2025-06-02T12:05:34.845169" level="INFO">Slept 500 milliseconds.</msg>
<arg>0.5</arg>
<doc>Pauses the test executed for the given time.</doc>
<status status="PASS" start="2025-06-02T12:05:34.344254" elapsed="0.501293"/>
</kw>
<kw name="Click Button" owner="SeleniumLibrary">
<msg time="2025-06-02T12:05:34.847350" level="INFO">Clicking button 'Refuser'.</msg>
<arg>Refuser</arg>
<doc>Clicks the button identified by ``locator``.</doc>
<status status="PASS" start="2025-06-02T12:05:34.845997" elapsed="0.213480"/>
</kw>
<kw name="Sleep" owner="BuiltIn">
<msg time="2025-06-02T12:05:36.062915" level="INFO">Slept 1 second.</msg>
<arg>1s</arg>
<doc>Pauses the test executed for the given time.</doc>
<status status="PASS" start="2025-06-02T12:05:35.060007" elapsed="1.003056"/>
</kw>
<kw name="Input Text" owner="SeleniumLibrary">
<msg time="2025-06-02T12:05:36.063706" level="INFO">Typing text 'Ring' into text field 'css:input[placeholder='Rechercher Amazon.fr']'.</msg>
<arg>css:input[placeholder='Rechercher Amazon.fr']</arg>
<arg>Ring</arg>
<doc>Types the given ``text`` into the text field identified by ``locator``.</doc>
<status status="PASS" start="2025-06-02T12:05:36.063374" elapsed="0.499432"/>
</kw>
<kw name="Sleep" owner="BuiltIn">
<msg time="2025-06-02T12:05:37.583227" level="INFO">Slept 1 second.</msg>
<arg>1s</arg>
<doc>Pauses the test executed for the given time.</doc>
<status status="PASS" start="2025-06-02T12:05:36.563271" elapsed="1.025817"/>
</kw>
<kw name="Close Browser" owner="SeleniumLibrary">
<doc>Closes the current browser.</doc>
<status status="PASS" start="2025-06-02T12:05:37.589643" elapsed="0.463807"/>
</kw>
<doc>This is sample Test case to demonstrate Weblocators in Robot FW</doc>
<status status="PASS" start="2025-06-02T12:05:28.993412" elapsed="9.060577"/>
</test>
<test id="s1-t2" name="TC to demonstrate Weblocators in Robot FW 2" line="49">
<kw name="Open Browser" owner="SeleniumLibrary">
<msg time="2025-06-02T12:05:38.057143" level="INFO">Opening browser 'Chrome' to base url 'https://www.amazon.fr/'.</msg>
<arg>${url}</arg>
<arg>${browser}</arg>
<doc>Opens a new browser instance to the optional ``url``.</doc>
<status status="PASS" start="2025-06-02T12:05:38.056579" elapsed="4.355617"/>
</kw>
<kw name="Maximize Browser Window" owner="SeleniumLibrary">
<doc>Maximizes current browser window.</doc>
<status status="PASS" start="2025-06-02T12:05:42.413382" elapsed="0.489086"/>
</kw>
<kw name="Sleep" owner="BuiltIn">
<msg time="2025-06-02T12:05:43.403515" level="INFO">Slept 500 milliseconds.</msg>
<arg>0.5</arg>
<doc>Pauses the test executed for the given time.</doc>
<status status="PASS" start="2025-06-02T12:05:42.902915" elapsed="0.500750"/>
</kw>
<kw name="Click Button" owner="SeleniumLibrary">
<msg time="2025-06-02T12:05:43.404500" level="INFO">Clicking button 'Refuser'.</msg>
<arg>Refuser</arg>
<doc>Clicks the button identified by ``locator``.</doc>
<status status="PASS" start="2025-06-02T12:05:43.404020" elapsed="0.223362"/>
</kw>
<kw name="Sleep" owner="BuiltIn">
<msg time="2025-06-02T12:05:44.628962" level="INFO">Slept 1 second.</msg>
<arg>1s</arg>
<doc>Pauses the test executed for the given time.</doc>
<status status="PASS" start="2025-06-02T12:05:43.628096" elapsed="1.001095"/>
</kw>
<kw name="Input Text" owner="SeleniumLibrary">
<msg time="2025-06-02T12:05:44.630683" level="INFO">Typing text 'Light' into text field 'css:input#twotabsearchtextbox[type="text"]'.</msg>
<arg>css:input#twotabsearchtextbox[type="text"]</arg>
<arg>Light</arg>
<doc>Types the given ``text`` into the text field identified by ``locator``.</doc>
<status status="PASS" start="2025-06-02T12:05:44.629828" elapsed="0.396550"/>
</kw>
<kw name="Sleep" owner="BuiltIn">
<msg time="2025-06-02T12:05:46.028677" level="INFO">Slept 1 second.</msg>
<arg>1s</arg>
<doc>Pauses the test executed for the given time.</doc>
<status status="PASS" start="2025-06-02T12:05:45.027452" elapsed="1.001452"/>
</kw>
<kw name="Close Browser" owner="SeleniumLibrary">
<doc>Closes the current browser.</doc>
<status status="PASS" start="2025-06-02T12:05:46.029327" elapsed="0.342932"/>
</kw>
<doc>This is sample Test case to demonstrate Weblocators in Robot FW</doc>
<status status="PASS" start="2025-06-02T12:05:38.055215" elapsed="8.317885"/>
</test>
<status status="PASS" start="2025-06-02T12:05:28.476410" elapsed="17.898865"/>
</suite>
<statistics>
<total>
<stat pass="2" fail="0" skip="0">All Tests</stat>
</total>
<tag>
</tag>
<suite>
<stat name="3.CssSelectWithOthersAndMultipleAttributes" id="s1" pass="2" fail="0" skip="0">3.CssSelectWithOthersAndMultipleAttributes</stat>
</suite>
</statistics>
<errors>
</errors>
</robot>
